warning: The selected output language "spanish" has not been updated
since release 1.9.6.  As a result some sentences may appear in English.

D:/PROG/Mis proyectos/04.00 Grupo4D/src/jcolonia/daw2023/g4d/Grupo4DMejoradoVerdeTest.java:13: warning: unable to resolve link to 'Grupo4DTest' for \link command
D:/PROG/Mis proyectos/04.00 Grupo4D/src/jcolonia/daw2023/g4d/Grupo4DMejoradoVerdeTest.java:14: warning: unable to resolve link to 'Grupo4DMejorado' for \link command
D:/PROG/Mis proyectos/04.00 Grupo4D/src/jcolonia/daw2023/g4d/Grupo4DMejoradoRojoTest.java:16: warning: unable to resolve link to 'Grupo4DMejorado' for \link command
D:/PROG/Mis proyectos/04.00 Grupo4D/src/jcolonia/daw2023/g4d/Grupo4DException.java:4: warning: unable to resolve link to 'Conjunto4DTest' for \link command
D:/PROG/Mis proyectos/04.00 Grupo4D/src/jcolonia/daw2023/g4d/Grupo4DException.java:5: warning: unable to resolve link to 'Grupo4DMejoradoAzulTest' for \link command
D:/PROG/Mis proyectos/04.00 Grupo4D/src/jcolonia/daw2023/g4d/Grupo4DException.java:5: warning: unable to resolve link to 'Grupo4DMejoradoRojoTest' for \link command
D:/PROG/Mis proyectos/04.00 Grupo4D/src/jcolonia/daw2023/g4d/Grupo4DException.java:6: warning: unable to resolve link to 'Grupo4DMejoradoVerdeTest' for \link command
D:/PROG/Mis proyectos/04.00 Grupo4D/src/jcolonia/daw2023/g4d/Grupo4DException.java:6: warning: unable to resolve link to 'Grupo4DTest' for \link command
D:/PROG/Mis proyectos/04.00 Grupo4D/src/jcolonia/daw2023/g4d/Ensayo4DMejorado.java:6: warning: unable to resolve link to 'Grupo4DMejorado' for \link command
D:/PROG/Mis proyectos/04.00 Grupo4D/src/jcolonia/daw2023/g4d/Ensayo4D.java:6: warning: unable to resolve link to 'Grupo4D' for \link command
D:/PROG/Mis proyectos/04.00 Grupo4D/src/jcolonia/daw2023/g4d/Conjunto4D.java:5: warning: unable to resolve link to 'Grupo4D' for \link command
D:/PROG/Mis proyectos/04.00 Grupo4D/src/jcolonia/daw2023/g4d/Conjunto4DTest.java:13: warning: unable to resolve link to 'Conjunto4D' for \link command
D:/PROG/Mis proyectos/04.00 Grupo4D/src/jcolonia/daw2023/g4d/Ensayo4DConjunto.java:9: warning: unable to resolve link to 'Grupo4DMejorado' for \link command
D:/PROG/Mis proyectos/04.00 Grupo4D/src/jcolonia/daw2023/g4d/Grupo4DMejoradoAzulTest.java:13: warning: unable to resolve link to 'Grupo4DMejorado' for \link command
D:/PROG/Mis proyectos/04.00 Grupo4D/src/jcolonia/daw2023/g4d/Grupo4DTest.java:13: warning: unable to resolve link to 'Grupo4D' for \link command
D:/PROG/Mis proyectos/04.00 Grupo4D/src/jcolonia/daw2023/g4d/Conjunto4DTest.java:111: warning: unable to resolve link to 'Grupo4DException' for \link command
D:/PROG/Mis proyectos/04.00 Grupo4D/src/jcolonia/daw2023/g4d/Conjunto4DTest.java:133: warning: unable to resolve link to 'Grupo4DException' for \link command
D:/PROG/Mis proyectos/04.00 Grupo4D/src/jcolonia/daw2023/g4d/Conjunto4DTest.java:179: warning: unable to resolve link to 'Grupo4DException' for \link command
D:/PROG/Mis proyectos/04.00 Grupo4D/src/jcolonia/daw2023/g4d/Grupo4DMejoradoAzulTest.java:297: warning: unable to resolve link to 'Grupo4DException' for \link command
D:/PROG/Mis proyectos/04.00 Grupo4D/src/jcolonia/daw2023/g4d/Conjunto4DTest.java:200: warning: unable to resolve link to 'Grupo4DException' for \link command
D:/PROG/Mis proyectos/04.00 Grupo4D/src/jcolonia/daw2023/g4d/Conjunto4DTest.java:253: warning: unable to resolve link to 'Grupo4DException' for \link command
D:/PROG/Mis proyectos/04.00 Grupo4D/src/jcolonia/daw2023/g4d/Conjunto4DTest.java:274: warning: unable to resolve link to 'Grupo4DException' for \link command
D:/PROG/Mis proyectos/04.00 Grupo4D/src/jcolonia/daw2023/g4d/Grupo4DMejoradoAzulTest.java:121: warning: unable to resolve link to 'Grupo4DException' for \link command
D:/PROG/Mis proyectos/04.00 Grupo4D/src/jcolonia/daw2023/g4d/Grupo4DMejoradoRojoTest.java:201: warning: unable to resolve link to 'Grupo4DException' for \link command
D:/PROG/Mis proyectos/04.00 Grupo4D/src/jcolonia/daw2023/g4d/Grupo4DMejoradoAzulTest.java:139: warning: unable to resolve link to 'Grupo4DException' for \link command
D:/PROG/Mis proyectos/04.00 Grupo4D/src/jcolonia/daw2023/g4d/Grupo4DMejoradoRojoTest.java:221: warning: unable to resolve link to 'Grupo4DException' for \link command
D:/PROG/Mis proyectos/04.00 Grupo4D/src/jcolonia/daw2023/g4d/Grupo4DMejoradoAzulTest.java:157: warning: unable to resolve link to 'Grupo4DException' for \link command
D:/PROG/Mis proyectos/04.00 Grupo4D/src/jcolonia/daw2023/g4d/Grupo4DMejoradoRojoTest.java:241: warning: unable to resolve link to 'Grupo4DException' for \link command
D:/PROG/Mis proyectos/04.00 Grupo4D/src/jcolonia/daw2023/g4d/Grupo4DMejoradoAzulTest.java:175: warning: unable to resolve link to 'Grupo4DException' for \link command
D:/PROG/Mis proyectos/04.00 Grupo4D/src/jcolonia/daw2023/g4d/Grupo4DMejoradoRojoTest.java:261: warning: unable to resolve link to 'Grupo4DException' for \link command
D:/PROG/Mis proyectos/04.00 Grupo4D/src/jcolonia/daw2023/g4d/Grupo4DMejoradoAzulTest.java:193: warning: unable to resolve link to 'Grupo4DException' for \link command
D:/PROG/Mis proyectos/04.00 Grupo4D/src/jcolonia/daw2023/g4d/Grupo4DMejoradoRojoTest.java:281: warning: unable to resolve link to 'Grupo4DException' for \link command
D:/PROG/Mis proyectos/04.00 Grupo4D/src/jcolonia/daw2023/g4d/Grupo4DMejoradoAzulTest.java:255: warning: unable to resolve link to 'Grupo4DException' for \link command
D:/PROG/Mis proyectos/04.00 Grupo4D/src/jcolonia/daw2023/g4d/Grupo4DMejoradoAzulTest.java:276: warning: unable to resolve link to 'Grupo4DException' for \link command
D:/PROG/Mis proyectos/04.00 Grupo4D/src/jcolonia/daw2023/g4d/Grupo4DMejoradoAzulTest.java:318: warning: unable to resolve link to 'Grupo4DException' for \link command
D:/PROG/Mis proyectos/04.00 Grupo4D/src/jcolonia/daw2023/g4d/Grupo4DMejoradoAzulTest.java:339: warning: unable to resolve link to 'Grupo4DException' for \link command
D:/PROG/Mis proyectos/04.00 Grupo4D/src/jcolonia/daw2023/g4d/Grupo4DMejoradoRojoTest.java:693: warning: unable to resolve link to 'Grupo4DMejorado#setValores(double[])' for \link command
D:/PROG/Mis proyectos/04.00 Grupo4D/src/jcolonia/daw2023/g4d/Grupo4DMejoradoRojoTest.java:694: warning: unable to resolve link to 'Grupo4DException' for \link command
D:/PROG/Mis proyectos/04.00 Grupo4D/src/jcolonia/daw2023/g4d/Grupo4DMejoradoRojoTest.java:717: warning: unable to resolve link to 'Grupo4DMejorado#setValores(double[])' for \link command
D:/PROG/Mis proyectos/04.00 Grupo4D/src/jcolonia/daw2023/g4d/Grupo4DMejoradoRojoTest.java:718: warning: unable to resolve link to 'Grupo4DException' for \link command
D:/PROG/Mis proyectos/04.00 Grupo4D/src/jcolonia/daw2023/g4d/Grupo4DMejoradoRojoTest.java:741: warning: unable to resolve link to 'Grupo4DMejorado#setValores(double[])' for \link command
D:/PROG/Mis proyectos/04.00 Grupo4D/src/jcolonia/daw2023/g4d/Grupo4DMejoradoRojoTest.java:742: warning: unable to resolve link to 'Grupo4DException' for \link command
D:/PROG/Mis proyectos/04.00 Grupo4D/src/jcolonia/daw2023/g4d/Grupo4DMejoradoRojoTest.java:765: warning: unable to resolve link to 'Grupo4DMejorado#setValores(double[])' for \link command
D:/PROG/Mis proyectos/04.00 Grupo4D/src/jcolonia/daw2023/g4d/Grupo4DMejoradoRojoTest.java:766: warning: unable to resolve link to 'Grupo4DException' for \link command
D:/PROG/Mis proyectos/04.00 Grupo4D/src/jcolonia/daw2023/g4d/Grupo4DMejoradoRojoTest.java:789: warning: unable to resolve link to 'Grupo4DMejorado#setValores(double[])' for \link command
D:/PROG/Mis proyectos/04.00 Grupo4D/src/jcolonia/daw2023/g4d/Grupo4DMejoradoRojoTest.java:790: warning: unable to resolve link to 'Grupo4DException' for \link command
D:/PROG/Mis proyectos/04.00 Grupo4D/src/jcolonia/daw2023/g4d/Grupo4DMejoradoRojoTest.java:830: warning: unable to resolve link to 'Grupo4D#toString()' for \link command
D:/PROG/Mis proyectos/04.00 Grupo4D/src/jcolonia/daw2023/g4d/Grupo4DMejoradoVerdeTest.java:479: warning: unable to resolve link to 'Grupo4D#toString()' for \link command
D:/PROG/Mis proyectos/04.00 Grupo4D/src/jcolonia/daw2023/g4d/Grupo4DTest.java:479: warning: unable to resolve link to 'Grupo4D#toString()' for \link command
D:/PROG/Mis proyectos/04.00 Grupo4D/src/jcolonia/daw2023/g4d/Conjunto4D.java:5: warning: unable to resolve link to 'Grupo4D' for \link command
D:/PROG/Mis proyectos/04.00 Grupo4D/src/jcolonia/daw2023/g4d/Conjunto4DTest.java:13: warning: unable to resolve link to 'Conjunto4D' for \link command
D:/PROG/Mis proyectos/04.00 Grupo4D/src/jcolonia/daw2023/g4d/Ensayo4D.java:6: warning: unable to resolve link to 'Grupo4D' for \link command
D:/PROG/Mis proyectos/04.00 Grupo4D/src/jcolonia/daw2023/g4d/Ensayo4DConjunto.java:9: warning: unable to resolve link to 'Grupo4DMejorado' for \link command
D:/PROG/Mis proyectos/04.00 Grupo4D/src/jcolonia/daw2023/g4d/Ensayo4DMejorado.java:6: warning: unable to resolve link to 'Grupo4DMejorado' for \link command
D:/PROG/Mis proyectos/04.00 Grupo4D/src/jcolonia/daw2023/g4d/Grupo4DException.java:4: warning: unable to resolve link to 'Conjunto4DTest' for \link command
D:/PROG/Mis proyectos/04.00 Grupo4D/src/jcolonia/daw2023/g4d/Grupo4DException.java:5: warning: unable to resolve link to 'Grupo4DMejoradoAzulTest' for \link command
D:/PROG/Mis proyectos/04.00 Grupo4D/src/jcolonia/daw2023/g4d/Grupo4DException.java:5: warning: unable to resolve link to 'Grupo4DMejoradoRojoTest' for \link command
D:/PROG/Mis proyectos/04.00 Grupo4D/src/jcolonia/daw2023/g4d/Grupo4DException.java:6: warning: unable to resolve link to 'Grupo4DMejoradoVerdeTest' for \link command
D:/PROG/Mis proyectos/04.00 Grupo4D/src/jcolonia/daw2023/g4d/Grupo4DException.java:6: warning: unable to resolve link to 'Grupo4DTest' for \link command
D:/PROG/Mis proyectos/04.00 Grupo4D/src/jcolonia/daw2023/g4d/Grupo4DMejoradoAzulTest.java:13: warning: unable to resolve link to 'Grupo4DMejorado' for \link command
D:/PROG/Mis proyectos/04.00 Grupo4D/src/jcolonia/daw2023/g4d/Grupo4DMejoradoRojoTest.java:16: warning: unable to resolve link to 'Grupo4DMejorado' for \link command
D:/PROG/Mis proyectos/04.00 Grupo4D/src/jcolonia/daw2023/g4d/Grupo4DMejoradoVerdeTest.java:13: warning: unable to resolve link to 'Grupo4DTest' for \link command
D:/PROG/Mis proyectos/04.00 Grupo4D/src/jcolonia/daw2023/g4d/Grupo4DMejoradoVerdeTest.java:14: warning: unable to resolve link to 'Grupo4DMejorado' for \link command
D:/PROG/Mis proyectos/04.00 Grupo4D/src/jcolonia/daw2023/g4d/Grupo4DTest.java:13: warning: unable to resolve link to 'Grupo4D' for \link command
D:/PROG/Mis proyectos/04.00 Grupo4D/src/jcolonia/daw2023/g4d/Conjunto4D.java:5: warning: unable to resolve link to 'Grupo4D' for \link command
D:/PROG/Mis proyectos/04.00 Grupo4D/src/jcolonia/daw2023/g4d/Conjunto4D.java:5: warning: unable to resolve link to 'Grupo4D' for \link command
D:/PROG/Mis proyectos/04.00 Grupo4D/src/jcolonia/daw2023/g4d/Conjunto4DTest.java:13: warning: unable to resolve link to 'Conjunto4D' for \link command
D:/PROG/Mis proyectos/04.00 Grupo4D/src/jcolonia/daw2023/g4d/Conjunto4DTest.java:111: warning: unable to resolve link to 'Grupo4DException' for \link command
D:/PROG/Mis proyectos/04.00 Grupo4D/src/jcolonia/daw2023/g4d/Conjunto4DTest.java:133: warning: unable to resolve link to 'Grupo4DException' for \link command
D:/PROG/Mis proyectos/04.00 Grupo4D/src/jcolonia/daw2023/g4d/Conjunto4DTest.java:179: warning: unable to resolve link to 'Grupo4DException' for \link command
D:/PROG/Mis proyectos/04.00 Grupo4D/src/jcolonia/daw2023/g4d/Conjunto4DTest.java:200: warning: unable to resolve link to 'Grupo4DException' for \link command
D:/PROG/Mis proyectos/04.00 Grupo4D/src/jcolonia/daw2023/g4d/Conjunto4DTest.java:253: warning: unable to resolve link to 'Grupo4DException' for \link command
D:/PROG/Mis proyectos/04.00 Grupo4D/src/jcolonia/daw2023/g4d/Conjunto4DTest.java:274: warning: unable to resolve link to 'Grupo4DException' for \link command
D:/PROG/Mis proyectos/04.00 Grupo4D/src/jcolonia/daw2023/g4d/Conjunto4DTest.java:13: warning: unable to resolve link to 'Conjunto4D' for \link command
D:/PROG/Mis proyectos/04.00 Grupo4D/src/jcolonia/daw2023/g4d/Conjunto4DTest.java:200: warning: unable to resolve link to 'Grupo4DException' for \link command
D:/PROG/Mis proyectos/04.00 Grupo4D/src/jcolonia/daw2023/g4d/Conjunto4DTest.java:274: warning: unable to resolve link to 'Grupo4DException' for \link command
D:/PROG/Mis proyectos/04.00 Grupo4D/src/jcolonia/daw2023/g4d/Conjunto4DTest.java:253: warning: unable to resolve link to 'Grupo4DException' for \link command
D:/PROG/Mis proyectos/04.00 Grupo4D/src/jcolonia/daw2023/g4d/Conjunto4DTest.java:111: warning: unable to resolve link to 'Grupo4DException' for \link command
D:/PROG/Mis proyectos/04.00 Grupo4D/src/jcolonia/daw2023/g4d/Conjunto4DTest.java:133: warning: unable to resolve link to 'Grupo4DException' for \link command
D:/PROG/Mis proyectos/04.00 Grupo4D/src/jcolonia/daw2023/g4d/Conjunto4DTest.java:179: warning: unable to resolve link to 'Grupo4DException' for \link command
D:/PROG/Mis proyectos/04.00 Grupo4D/src/jcolonia/daw2023/g4d/Ensayo4D.java:6: warning: unable to resolve link to 'Grupo4D' for \link command
D:/PROG/Mis proyectos/04.00 Grupo4D/src/jcolonia/daw2023/g4d/Ensayo4D.java:6: warning: unable to resolve link to 'Grupo4D' for \link command
D:/PROG/Mis proyectos/04.00 Grupo4D/src/jcolonia/daw2023/g4d/Ensayo4DConjunto.java:9: warning: unable to resolve link to 'Grupo4DMejorado' for \link command
D:/PROG/Mis proyectos/04.00 Grupo4D/src/jcolonia/daw2023/g4d/Ensayo4DConjunto.java:9: warning: unable to resolve link to 'Grupo4DMejorado' for \link command
D:/PROG/Mis proyectos/04.00 Grupo4D/src/jcolonia/daw2023/g4d/Ensayo4DMejorado.java:6: warning: unable to resolve link to 'Grupo4DMejorado' for \link command
D:/PROG/Mis proyectos/04.00 Grupo4D/src/jcolonia/daw2023/g4d/Ensayo4DMejorado.java:6: warning: unable to resolve link to 'Grupo4DMejorado' for \link command
D:/PROG/Mis proyectos/04.00 Grupo4D/src/jcolonia/daw2023/g4d/Grupo4DException.java:4: warning: unable to resolve link to 'Conjunto4DTest' for \link command
D:/PROG/Mis proyectos/04.00 Grupo4D/src/jcolonia/daw2023/g4d/Grupo4DException.java:5: warning: unable to resolve link to 'Grupo4DMejoradoAzulTest' for \link command
D:/PROG/Mis proyectos/04.00 Grupo4D/src/jcolonia/daw2023/g4d/Grupo4DException.java:5: warning: unable to resolve link to 'Grupo4DMejoradoRojoTest' for \link command
D:/PROG/Mis proyectos/04.00 Grupo4D/src/jcolonia/daw2023/g4d/Grupo4DException.java:6: warning: unable to resolve link to 'Grupo4DMejoradoVerdeTest' for \link command
D:/PROG/Mis proyectos/04.00 Grupo4D/src/jcolonia/daw2023/g4d/Grupo4DException.java:6: warning: unable to resolve link to 'Grupo4DTest' for \link command
D:/PROG/Mis proyectos/04.00 Grupo4D/src/jcolonia/daw2023/g4d/Grupo4DException.java:4: warning: unable to resolve link to 'Conjunto4DTest' for \link command
D:/PROG/Mis proyectos/04.00 Grupo4D/src/jcolonia/daw2023/g4d/Grupo4DException.java:5: warning: unable to resolve link to 'Grupo4DMejoradoAzulTest' for \link command
D:/PROG/Mis proyectos/04.00 Grupo4D/src/jcolonia/daw2023/g4d/Grupo4DException.java:5: warning: unable to resolve link to 'Grupo4DMejoradoRojoTest' for \link command
D:/PROG/Mis proyectos/04.00 Grupo4D/src/jcolonia/daw2023/g4d/Grupo4DException.java:6: warning: unable to resolve link to 'Grupo4DMejoradoVerdeTest' for \link command
D:/PROG/Mis proyectos/04.00 Grupo4D/src/jcolonia/daw2023/g4d/Grupo4DException.java:6: warning: unable to resolve link to 'Grupo4DTest' for \link command
D:/PROG/Mis proyectos/04.00 Grupo4D/src/jcolonia/daw2023/g4d/Grupo4DException.java:21: warning: unable to resolve link to '#initCause' for \link command
D:/PROG/Mis proyectos/04.00 Grupo4D/src/jcolonia/daw2023/g4d/Grupo4DException.java:31: warning: unable to resolve link to '#getMessage()' for \link command
D:/PROG/Mis proyectos/04.00 Grupo4D/src/jcolonia/daw2023/g4d/Grupo4DException.java:44: warning: unable to resolve link to '#getCause()' for \link command
D:/PROG/Mis proyectos/04.00 Grupo4D/src/jcolonia/daw2023/g4d/Grupo4DException.java:58: warning: unable to resolve link to '#getCause()' for \link command
D:/PROG/Mis proyectos/04.00 Grupo4D/src/jcolonia/daw2023/g4d/Grupo4DMejoradoAzulTest.java:13: warning: unable to resolve link to 'Grupo4DMejorado' for \link command
D:/PROG/Mis proyectos/04.00 Grupo4D/src/jcolonia/daw2023/g4d/Grupo4DMejoradoAzulTest.java:121: warning: unable to resolve link to 'Grupo4DException' for \link command
D:/PROG/Mis proyectos/04.00 Grupo4D/src/jcolonia/daw2023/g4d/Grupo4DMejoradoAzulTest.java:139: warning: unable to resolve link to 'Grupo4DException' for \link command
D:/PROG/Mis proyectos/04.00 Grupo4D/src/jcolonia/daw2023/g4d/Grupo4DMejoradoAzulTest.java:157: warning: unable to resolve link to 'Grupo4DException' for \link command
D:/PROG/Mis proyectos/04.00 Grupo4D/src/jcolonia/daw2023/g4d/Grupo4DMejoradoAzulTest.java:175: warning: unable to resolve link to 'Grupo4DException' for \link command
D:/PROG/Mis proyectos/04.00 Grupo4D/src/jcolonia/daw2023/g4d/Grupo4DMejoradoAzulTest.java:193: warning: unable to resolve link to 'Grupo4DException' for \link command
D:/PROG/Mis proyectos/04.00 Grupo4D/src/jcolonia/daw2023/g4d/Grupo4DMejoradoAzulTest.java:255: warning: unable to resolve link to 'Grupo4DException' for \link command
D:/PROG/Mis proyectos/04.00 Grupo4D/src/jcolonia/daw2023/g4d/Grupo4DMejoradoAzulTest.java:276: warning: unable to resolve link to 'Grupo4DException' for \link command
D:/PROG/Mis proyectos/04.00 Grupo4D/src/jcolonia/daw2023/g4d/Grupo4DMejoradoAzulTest.java:297: warning: unable to resolve link to 'Grupo4DException' for \link command
D:/PROG/Mis proyectos/04.00 Grupo4D/src/jcolonia/daw2023/g4d/Grupo4DMejoradoAzulTest.java:318: warning: unable to resolve link to 'Grupo4DException' for \link command
D:/PROG/Mis proyectos/04.00 Grupo4D/src/jcolonia/daw2023/g4d/Grupo4DMejoradoAzulTest.java:339: warning: unable to resolve link to 'Grupo4DException' for \link command
D:/PROG/Mis proyectos/04.00 Grupo4D/src/jcolonia/daw2023/g4d/Grupo4DMejoradoAzulTest.java:13: warning: unable to resolve link to 'Grupo4DMejorado' for \link command
D:/PROG/Mis proyectos/04.00 Grupo4D/src/jcolonia/daw2023/g4d/Grupo4DMejoradoAzulTest.java:98: warning: unable to resolve link to 'Grupo4DMejorado#getValores()' for \link command
D:/PROG/Mis proyectos/04.00 Grupo4D/src/jcolonia/daw2023/g4d/Grupo4DMejoradoAzulTest.java:139: warning: unable to resolve link to 'Grupo4DException' for \link command
D:/PROG/Mis proyectos/04.00 Grupo4D/src/jcolonia/daw2023/g4d/Grupo4DMejoradoAzulTest.java:175: warning: unable to resolve link to 'Grupo4DException' for \link command
D:/PROG/Mis proyectos/04.00 Grupo4D/src/jcolonia/daw2023/g4d/Grupo4DMejoradoAzulTest.java:157: warning: unable to resolve link to 'Grupo4DException' for \link command
D:/PROG/Mis proyectos/04.00 Grupo4D/src/jcolonia/daw2023/g4d/Grupo4DMejoradoAzulTest.java:193: warning: unable to resolve link to 'Grupo4DException' for \link command
D:/PROG/Mis proyectos/04.00 Grupo4D/src/jcolonia/daw2023/g4d/Grupo4DMejoradoAzulTest.java:121: warning: unable to resolve link to 'Grupo4DException' for \link command
D:/PROG/Mis proyectos/04.00 Grupo4D/src/jcolonia/daw2023/g4d/Grupo4DMejoradoAzulTest.java:276: warning: unable to resolve link to 'Grupo4DException' for \link command
D:/PROG/Mis proyectos/04.00 Grupo4D/src/jcolonia/daw2023/g4d/Grupo4DMejoradoAzulTest.java:318: warning: unable to resolve link to 'Grupo4DException' for \link command
D:/PROG/Mis proyectos/04.00 Grupo4D/src/jcolonia/daw2023/g4d/Grupo4DMejoradoAzulTest.java:297: warning: unable to resolve link to 'Grupo4DException' for \link command
D:/PROG/Mis proyectos/04.00 Grupo4D/src/jcolonia/daw2023/g4d/Grupo4DMejoradoAzulTest.java:339: warning: unable to resolve link to 'Grupo4DException' for \link command
D:/PROG/Mis proyectos/04.00 Grupo4D/src/jcolonia/daw2023/g4d/Grupo4DMejoradoAzulTest.java:255: warning: unable to resolve link to 'Grupo4DException' for \link command
D:/PROG/Mis proyectos/04.00 Grupo4D/src/jcolonia/daw2023/g4d/Grupo4DMejoradoAzulTest.java:212: warning: unable to resolve link to 'Grupo4DMejorado#getValores()' for \link command
D:/PROG/Mis proyectos/04.00 Grupo4D/src/jcolonia/daw2023/g4d/Grupo4DMejoradoAzulTest.java:234: warning: unable to resolve link to 'Grupo4DMejorado#getValores()' for \link command
D:/PROG/Mis proyectos/04.00 Grupo4D/src/jcolonia/daw2023/g4d/Grupo4DMejoradoRojoTest.java:16: warning: unable to resolve link to 'Grupo4DMejorado' for \link command
D:/PROG/Mis proyectos/04.00 Grupo4D/src/jcolonia/daw2023/g4d/Grupo4DMejoradoRojoTest.java:201: warning: unable to resolve link to 'Grupo4DException' for \link command
D:/PROG/Mis proyectos/04.00 Grupo4D/src/jcolonia/daw2023/g4d/Grupo4DMejoradoRojoTest.java:221: warning: unable to resolve link to 'Grupo4DException' for \link command
D:/PROG/Mis proyectos/04.00 Grupo4D/src/jcolonia/daw2023/g4d/Grupo4DMejoradoRojoTest.java:241: warning: unable to resolve link to 'Grupo4DException' for \link command
D:/PROG/Mis proyectos/04.00 Grupo4D/src/jcolonia/daw2023/g4d/Grupo4DMejoradoRojoTest.java:261: warning: unable to resolve link to 'Grupo4DException' for \link command
D:/PROG/Mis proyectos/04.00 Grupo4D/src/jcolonia/daw2023/g4d/Grupo4DMejoradoRojoTest.java:281: warning: unable to resolve link to 'Grupo4DException' for \link command
D:/PROG/Mis proyectos/04.00 Grupo4D/src/jcolonia/daw2023/g4d/Grupo4DMejoradoRojoTest.java:693: warning: unable to resolve link to 'Grupo4DMejorado#setValores(double[])' for \link command
D:/PROG/Mis proyectos/04.00 Grupo4D/src/jcolonia/daw2023/g4d/Grupo4DMejoradoRojoTest.java:694: warning: unable to resolve link to 'Grupo4DException' for \link command
D:/PROG/Mis proyectos/04.00 Grupo4D/src/jcolonia/daw2023/g4d/Grupo4DMejoradoRojoTest.java:717: warning: unable to resolve link to 'Grupo4DMejorado#setValores(double[])' for \link command
D:/PROG/Mis proyectos/04.00 Grupo4D/src/jcolonia/daw2023/g4d/Grupo4DMejoradoRojoTest.java:718: warning: unable to resolve link to 'Grupo4DException' for \link command
D:/PROG/Mis proyectos/04.00 Grupo4D/src/jcolonia/daw2023/g4d/Grupo4DMejoradoRojoTest.java:741: warning: unable to resolve link to 'Grupo4DMejorado#setValores(double[])' for \link command
D:/PROG/Mis proyectos/04.00 Grupo4D/src/jcolonia/daw2023/g4d/Grupo4DMejoradoRojoTest.java:742: warning: unable to resolve link to 'Grupo4DException' for \link command
D:/PROG/Mis proyectos/04.00 Grupo4D/src/jcolonia/daw2023/g4d/Grupo4DMejoradoRojoTest.java:765: warning: unable to resolve link to 'Grupo4DMejorado#setValores(double[])' for \link command
D:/PROG/Mis proyectos/04.00 Grupo4D/src/jcolonia/daw2023/g4d/Grupo4DMejoradoRojoTest.java:766: warning: unable to resolve link to 'Grupo4DException' for \link command
D:/PROG/Mis proyectos/04.00 Grupo4D/src/jcolonia/daw2023/g4d/Grupo4DMejoradoRojoTest.java:789: warning: unable to resolve link to 'Grupo4DMejorado#setValores(double[])' for \link command
D:/PROG/Mis proyectos/04.00 Grupo4D/src/jcolonia/daw2023/g4d/Grupo4DMejoradoRojoTest.java:790: warning: unable to resolve link to 'Grupo4DException' for \link command
D:/PROG/Mis proyectos/04.00 Grupo4D/src/jcolonia/daw2023/g4d/Grupo4DMejoradoRojoTest.java:830: warning: unable to resolve link to 'Grupo4D#toString()' for \link command
D:/PROG/Mis proyectos/04.00 Grupo4D/src/jcolonia/daw2023/g4d/Grupo4DMejoradoRojoTest.java:16: warning: unable to resolve link to 'Grupo4DMejorado' for \link command
D:/PROG/Mis proyectos/04.00 Grupo4D/src/jcolonia/daw2023/g4d/Grupo4DMejoradoRojoTest.java:125: warning: unable to resolve link to 'Grupo4DMejorado#getValores()' for \link command
D:/PROG/Mis proyectos/04.00 Grupo4D/src/jcolonia/daw2023/g4d/Grupo4DMejoradoRojoTest.java:178: warning: unable to resolve link to 'Grupo4D#getA()' for \link command
D:/PROG/Mis proyectos/04.00 Grupo4D/src/jcolonia/daw2023/g4d/Grupo4DMejoradoRojoTest.java:178: warning: unable to resolve link to 'Grupo4D#getB()' for \link command
D:/PROG/Mis proyectos/04.00 Grupo4D/src/jcolonia/daw2023/g4d/Grupo4DMejoradoRojoTest.java:179: warning: unable to resolve link to 'Grupo4D#getC()' for \link command
D:/PROG/Mis proyectos/04.00 Grupo4D/src/jcolonia/daw2023/g4d/Grupo4DMejoradoRojoTest.java:179: warning: unable to resolve link to 'Grupo4D#getD()' for \link command
D:/PROG/Mis proyectos/04.00 Grupo4D/src/jcolonia/daw2023/g4d/Grupo4DMejoradoRojoTest.java:154: warning: unable to resolve link to 'Grupo4D#getA()' for \link command
D:/PROG/Mis proyectos/04.00 Grupo4D/src/jcolonia/daw2023/g4d/Grupo4DMejoradoRojoTest.java:154: warning: unable to resolve link to 'Grupo4D#getB()' for \link command
D:/PROG/Mis proyectos/04.00 Grupo4D/src/jcolonia/daw2023/g4d/Grupo4DMejoradoRojoTest.java:155: warning: unable to resolve link to 'Grupo4D#getC()' for \link command
D:/PROG/Mis proyectos/04.00 Grupo4D/src/jcolonia/daw2023/g4d/Grupo4DMejoradoRojoTest.java:155: warning: unable to resolve link to 'Grupo4D#getD()' for \link command
D:/PROG/Mis proyectos/04.00 Grupo4D/src/jcolonia/daw2023/g4d/Grupo4DMejoradoRojoTest.java:102: warning: unable to resolve link to 'Grupo4DMejorado#getValores()' for \link command
D:/PROG/Mis proyectos/04.00 Grupo4D/src/jcolonia/daw2023/g4d/Grupo4DMejoradoRojoTest.java:221: warning: unable to resolve link to 'Grupo4DException' for \link command
D:/PROG/Mis proyectos/04.00 Grupo4D/src/jcolonia/daw2023/g4d/Grupo4DMejoradoRojoTest.java:261: warning: unable to resolve link to 'Grupo4DException' for \link command
D:/PROG/Mis proyectos/04.00 Grupo4D/src/jcolonia/daw2023/g4d/Grupo4DMejoradoRojoTest.java:241: warning: unable to resolve link to 'Grupo4DException' for \link command
D:/PROG/Mis proyectos/04.00 Grupo4D/src/jcolonia/daw2023/g4d/Grupo4DMejoradoRojoTest.java:281: warning: unable to resolve link to 'Grupo4DException' for \link command
D:/PROG/Mis proyectos/04.00 Grupo4D/src/jcolonia/daw2023/g4d/Grupo4DMejoradoRojoTest.java:201: warning: unable to resolve link to 'Grupo4DException' for \link command
D:/PROG/Mis proyectos/04.00 Grupo4D/src/jcolonia/daw2023/g4d/Grupo4DMejoradoRojoTest.java:717: warning: unable to resolve link to 'Grupo4DMejorado#setValores(double[])' for \link command
D:/PROG/Mis proyectos/04.00 Grupo4D/src/jcolonia/daw2023/g4d/Grupo4DMejoradoRojoTest.java:718: warning: unable to resolve link to 'Grupo4DException' for \link command
D:/PROG/Mis proyectos/04.00 Grupo4D/src/jcolonia/daw2023/g4d/Grupo4DMejoradoRojoTest.java:765: warning: unable to resolve link to 'Grupo4DMejorado#setValores(double[])' for \link command
D:/PROG/Mis proyectos/04.00 Grupo4D/src/jcolonia/daw2023/g4d/Grupo4DMejoradoRojoTest.java:766: warning: unable to resolve link to 'Grupo4DException' for \link command
D:/PROG/Mis proyectos/04.00 Grupo4D/src/jcolonia/daw2023/g4d/Grupo4DMejoradoRojoTest.java:741: warning: unable to resolve link to 'Grupo4DMejorado#setValores(double[])' for \link command
D:/PROG/Mis proyectos/04.00 Grupo4D/src/jcolonia/daw2023/g4d/Grupo4DMejoradoRojoTest.java:742: warning: unable to resolve link to 'Grupo4DException' for \link command
D:/PROG/Mis proyectos/04.00 Grupo4D/src/jcolonia/daw2023/g4d/Grupo4DMejoradoRojoTest.java:789: warning: unable to resolve link to 'Grupo4DMejorado#setValores(double[])' for \link command
D:/PROG/Mis proyectos/04.00 Grupo4D/src/jcolonia/daw2023/g4d/Grupo4DMejoradoRojoTest.java:790: warning: unable to resolve link to 'Grupo4DException' for \link command
D:/PROG/Mis proyectos/04.00 Grupo4D/src/jcolonia/daw2023/g4d/Grupo4DMejoradoRojoTest.java:693: warning: unable to resolve link to 'Grupo4DMejorado#setValores(double[])' for \link command
D:/PROG/Mis proyectos/04.00 Grupo4D/src/jcolonia/daw2023/g4d/Grupo4DMejoradoRojoTest.java:694: warning: unable to resolve link to 'Grupo4DException' for \link command
D:/PROG/Mis proyectos/04.00 Grupo4D/src/jcolonia/daw2023/g4d/Grupo4DMejoradoRojoTest.java:830: warning: unable to resolve link to 'Grupo4D#toString()' for \link command
D:/PROG/Mis proyectos/04.00 Grupo4D/src/jcolonia/daw2023/g4d/Grupo4DMejoradoRojoTest.java:835: warning: unable to resolve link to 'Object#toString()' for \link command
D:/PROG/Mis proyectos/04.00 Grupo4D/src/jcolonia/daw2023/g4d/Grupo4DMejoradoVerdeTest.java:13: warning: unable to resolve link to 'Grupo4DTest' for \link command
D:/PROG/Mis proyectos/04.00 Grupo4D/src/jcolonia/daw2023/g4d/Grupo4DMejoradoVerdeTest.java:14: warning: unable to resolve link to 'Grupo4DMejorado' for \link command
D:/PROG/Mis proyectos/04.00 Grupo4D/src/jcolonia/daw2023/g4d/Grupo4DMejoradoVerdeTest.java:479: warning: unable to resolve link to 'Grupo4D#toString()' for \link command
D:/PROG/Mis proyectos/04.00 Grupo4D/src/jcolonia/daw2023/g4d/Grupo4DMejoradoVerdeTest.java:13: warning: unable to resolve link to 'Grupo4DTest' for \link command
D:/PROG/Mis proyectos/04.00 Grupo4D/src/jcolonia/daw2023/g4d/Grupo4DMejoradoVerdeTest.java:14: warning: unable to resolve link to 'Grupo4DMejorado' for \link command
D:/PROG/Mis proyectos/04.00 Grupo4D/src/jcolonia/daw2023/g4d/Grupo4DMejoradoVerdeTest.java:109: warning: unable to resolve link to 'Grupo4D#getA()' for \link command
D:/PROG/Mis proyectos/04.00 Grupo4D/src/jcolonia/daw2023/g4d/Grupo4DMejoradoVerdeTest.java:109: warning: unable to resolve link to 'Grupo4D#getB()' for \link command
D:/PROG/Mis proyectos/04.00 Grupo4D/src/jcolonia/daw2023/g4d/Grupo4DMejoradoVerdeTest.java:110: warning: unable to resolve link to 'Grupo4D#getC()' for \link command
D:/PROG/Mis proyectos/04.00 Grupo4D/src/jcolonia/daw2023/g4d/Grupo4DMejoradoVerdeTest.java:110: warning: unable to resolve link to 'Grupo4D#getD()' for \link command
D:/PROG/Mis proyectos/04.00 Grupo4D/src/jcolonia/daw2023/g4d/Grupo4DMejoradoVerdeTest.java:87: warning: unable to resolve link to 'Grupo4D#getA()' for \link command
D:/PROG/Mis proyectos/04.00 Grupo4D/src/jcolonia/daw2023/g4d/Grupo4DMejoradoVerdeTest.java:87: warning: unable to resolve link to 'Grupo4D#getB()' for \link command
D:/PROG/Mis proyectos/04.00 Grupo4D/src/jcolonia/daw2023/g4d/Grupo4DMejoradoVerdeTest.java:87: warning: unable to resolve link to 'Grupo4D#getC()' for \link command
D:/PROG/Mis proyectos/04.00 Grupo4D/src/jcolonia/daw2023/g4d/Grupo4DMejoradoVerdeTest.java:88: warning: unable to resolve link to 'Grupo4D#getD()' for \link command
D:/PROG/Mis proyectos/04.00 Grupo4D/src/jcolonia/daw2023/g4d/Grupo4DMejoradoVerdeTest.java:479: warning: unable to resolve link to 'Grupo4D#toString()' for \link command
D:/PROG/Mis proyectos/04.00 Grupo4D/src/jcolonia/daw2023/g4d/Grupo4DMejoradoVerdeTest.java:484: warning: unable to resolve link to 'Object#toString()' for \link command
D:/PROG/Mis proyectos/04.00 Grupo4D/src/jcolonia/daw2023/g4d/Grupo4DTest.java:13: warning: unable to resolve link to 'Grupo4D' for \link command
D:/PROG/Mis proyectos/04.00 Grupo4D/src/jcolonia/daw2023/g4d/Grupo4DTest.java:479: warning: unable to resolve link to 'Grupo4D#toString()' for \link command
D:/PROG/Mis proyectos/04.00 Grupo4D/src/jcolonia/daw2023/g4d/Grupo4DTest.java:13: warning: unable to resolve link to 'Grupo4D' for \link command
D:/PROG/Mis proyectos/04.00 Grupo4D/src/jcolonia/daw2023/g4d/Grupo4DTest.java:110: warning: unable to resolve link to 'Grupo4D#getA()' for \link command
D:/PROG/Mis proyectos/04.00 Grupo4D/src/jcolonia/daw2023/g4d/Grupo4DTest.java:110: warning: unable to resolve link to 'Grupo4D#getB()' for \link command
D:/PROG/Mis proyectos/04.00 Grupo4D/src/jcolonia/daw2023/g4d/Grupo4DTest.java:111: warning: unable to resolve link to 'Grupo4D#getC()' for \link command
D:/PROG/Mis proyectos/04.00 Grupo4D/src/jcolonia/daw2023/g4d/Grupo4DTest.java:111: warning: unable to resolve link to 'Grupo4D#getD()' for \link command
D:/PROG/Mis proyectos/04.00 Grupo4D/src/jcolonia/daw2023/g4d/Grupo4DTest.java:88: warning: unable to resolve link to 'Grupo4D#getA()' for \link command
D:/PROG/Mis proyectos/04.00 Grupo4D/src/jcolonia/daw2023/g4d/Grupo4DTest.java:88: warning: unable to resolve link to 'Grupo4D#getB()' for \link command
D:/PROG/Mis proyectos/04.00 Grupo4D/src/jcolonia/daw2023/g4d/Grupo4DTest.java:88: warning: unable to resolve link to 'Grupo4D#getC()' for \link command
D:/PROG/Mis proyectos/04.00 Grupo4D/src/jcolonia/daw2023/g4d/Grupo4DTest.java:89: warning: unable to resolve link to 'Grupo4D#getD()' for \link command
D:/PROG/Mis proyectos/04.00 Grupo4D/src/jcolonia/daw2023/g4d/Grupo4DTest.java:479: warning: unable to resolve link to 'Grupo4D#toString()' for \link command
D:/PROG/Mis proyectos/04.00 Grupo4D/src/jcolonia/daw2023/g4d/Grupo4DTest.java:484: warning: unable to resolve link to 'Object#toString()' for \link command
D:/PROG/Mis proyectos/04.00 Grupo4D/src/jcolonia/daw2023/g4d/Conjunto4D.java:5: warning: unable to resolve link to 'Grupo4D' for \link command
D:/PROG/Mis proyectos/04.00 Grupo4D/src/jcolonia/daw2023/g4d/Conjunto4DTest.java:13: warning: unable to resolve link to 'Conjunto4D' for \link command
D:/PROG/Mis proyectos/04.00 Grupo4D/src/jcolonia/daw2023/g4d/Ensayo4D.java:6: warning: unable to resolve link to 'Grupo4D' for \link command
D:/PROG/Mis proyectos/04.00 Grupo4D/src/jcolonia/daw2023/g4d/Ensayo4DConjunto.java:9: warning: unable to resolve link to 'Grupo4DMejorado' for \link command
D:/PROG/Mis proyectos/04.00 Grupo4D/src/jcolonia/daw2023/g4d/Ensayo4DMejorado.java:6: warning: unable to resolve link to 'Grupo4DMejorado' for \link command
D:/PROG/Mis proyectos/04.00 Grupo4D/src/jcolonia/daw2023/g4d/Grupo4DException.java:4: warning: unable to resolve link to 'Conjunto4DTest' for \link command
D:/PROG/Mis proyectos/04.00 Grupo4D/src/jcolonia/daw2023/g4d/Grupo4DException.java:5: warning: unable to resolve link to 'Grupo4DMejoradoAzulTest' for \link command
D:/PROG/Mis proyectos/04.00 Grupo4D/src/jcolonia/daw2023/g4d/Grupo4DException.java:5: warning: unable to resolve link to 'Grupo4DMejoradoRojoTest' for \link command
D:/PROG/Mis proyectos/04.00 Grupo4D/src/jcolonia/daw2023/g4d/Grupo4DException.java:6: warning: unable to resolve link to 'Grupo4DMejoradoVerdeTest' for \link command
D:/PROG/Mis proyectos/04.00 Grupo4D/src/jcolonia/daw2023/g4d/Grupo4DException.java:6: warning: unable to resolve link to 'Grupo4DTest' for \link command
D:/PROG/Mis proyectos/04.00 Grupo4D/src/jcolonia/daw2023/g4d/Grupo4DMejoradoAzulTest.java:13: warning: unable to resolve link to 'Grupo4DMejorado' for \link command
D:/PROG/Mis proyectos/04.00 Grupo4D/src/jcolonia/daw2023/g4d/Grupo4DMejoradoRojoTest.java:16: warning: unable to resolve link to 'Grupo4DMejorado' for \link command
D:/PROG/Mis proyectos/04.00 Grupo4D/src/jcolonia/daw2023/g4d/Grupo4DMejoradoVerdeTest.java:13: warning: unable to resolve link to 'Grupo4DTest' for \link command
D:/PROG/Mis proyectos/04.00 Grupo4D/src/jcolonia/daw2023/g4d/Grupo4DMejoradoVerdeTest.java:14: warning: unable to resolve link to 'Grupo4DMejorado' for \link command
D:/PROG/Mis proyectos/04.00 Grupo4D/src/jcolonia/daw2023/g4d/Grupo4DTest.java:13: warning: unable to resolve link to 'Grupo4D' for \link command
D:/PROG/Mis proyectos/04.00 Grupo4D/src/jcolonia/daw2023/g4d/Conjunto4D.java:5: warning: unable to resolve link to 'Grupo4D' for \link command
D:/PROG/Mis proyectos/04.00 Grupo4D/src/jcolonia/daw2023/g4d/Conjunto4DTest.java:13: warning: unable to resolve link to 'Conjunto4D' for \link command
D:/PROG/Mis proyectos/04.00 Grupo4D/src/jcolonia/daw2023/g4d/Ensayo4D.java:6: warning: unable to resolve link to 'Grupo4D' for \link command
D:/PROG/Mis proyectos/04.00 Grupo4D/src/jcolonia/daw2023/g4d/Ensayo4DConjunto.java:9: warning: unable to resolve link to 'Grupo4DMejorado' for \link command
D:/PROG/Mis proyectos/04.00 Grupo4D/src/jcolonia/daw2023/g4d/Ensayo4DMejorado.java:6: warning: unable to resolve link to 'Grupo4DMejorado' for \link command
D:/PROG/Mis proyectos/04.00 Grupo4D/src/jcolonia/daw2023/g4d/Grupo4DException.java:4: warning: unable to resolve link to 'Conjunto4DTest' for \link command
D:/PROG/Mis proyectos/04.00 Grupo4D/src/jcolonia/daw2023/g4d/Grupo4DException.java:5: warning: unable to resolve link to 'Grupo4DMejoradoAzulTest' for \link command
D:/PROG/Mis proyectos/04.00 Grupo4D/src/jcolonia/daw2023/g4d/Grupo4DException.java:5: warning: unable to resolve link to 'Grupo4DMejoradoRojoTest' for \link command
D:/PROG/Mis proyectos/04.00 Grupo4D/src/jcolonia/daw2023/g4d/Grupo4DException.java:6: warning: unable to resolve link to 'Grupo4DMejoradoVerdeTest' for \link command
D:/PROG/Mis proyectos/04.00 Grupo4D/src/jcolonia/daw2023/g4d/Grupo4DException.java:6: warning: unable to resolve link to 'Grupo4DTest' for \link command
D:/PROG/Mis proyectos/04.00 Grupo4D/src/jcolonia/daw2023/g4d/Grupo4DMejoradoAzulTest.java:13: warning: unable to resolve link to 'Grupo4DMejorado' for \link command
D:/PROG/Mis proyectos/04.00 Grupo4D/src/jcolonia/daw2023/g4d/Grupo4DMejoradoRojoTest.java:16: warning: unable to resolve link to 'Grupo4DMejorado' for \link command
D:/PROG/Mis proyectos/04.00 Grupo4D/src/jcolonia/daw2023/g4d/Grupo4DMejoradoVerdeTest.java:13: warning: unable to resolve link to 'Grupo4DTest' for \link command
D:/PROG/Mis proyectos/04.00 Grupo4D/src/jcolonia/daw2023/g4d/Grupo4DMejoradoVerdeTest.java:14: warning: unable to resolve link to 'Grupo4DMejorado' for \link command
D:/PROG/Mis proyectos/04.00 Grupo4D/src/jcolonia/daw2023/g4d/Grupo4DTest.java:13: warning: unable to resolve link to 'Grupo4D' for \link command
